<?xml version="1.0" encoding="UTF-8" standalone="yes"?>
<web-app version="2.4">
  <display-name>Arquillian</display-name>
  <listener>
    <listener-class>org.jboss.arquillian.impl.runner.servlet.InContainerListener</listener-class>
  </listener>
  <servlet>
    <servlet-name>ServletTestRunner</servlet-name>
    <servlet-class>org.jboss.arquillian.junit.ServletTestRunner</servlet-class>
  </servlet>
  <servlet-mapping>
    <servlet-name>ServletTestRunner</servlet-name>
    <url-pattern>/*</url-pattern>
  </servlet-mapping>
</web-app>
