<?xml version="1.0" encoding="UTF-8" standalone="yes"?>
<web-app xmlns:xsi="http://www.w3.org/2001/XMLSchema-instance" xmlns="http://java.sun.com/xml/ns/javaee"
    version="2.5"
    xsi:schemaLocation="http://java.sun.com/xml/ns/javaee http://java.sun.com/xml/ns/javaee/web-app_2_5.xsd">

  <display-name>PackagingTestCase</display-name>
  <servlet>
    <servlet-name>TestServlet</servlet-name>
    <servlet-class>org.jboss.arquillian.protocol.servlet_2_5.TestServlet</servlet-class>
  </servlet>
  <servlet-mapping>
    <servlet-name>TestServlet</servlet-name>
    <url-pattern>/Test</url-pattern>
  </servlet-mapping>
</web-app>